#
# There is insufficient memory for the Java Runtime Environment to continue.
# Native memory allocation (malloc) failed to allocate 831056 bytes for Chunk::new
# Possible reasons:
#   The system is out of physical RAM or swap space
#   In 32 bit mode, the process size limit was hit
# Possible solutions:
#   Reduce memory load on the system
#   Increase physical memory or swap space
#   Check if swap backing store is full
#   Use 64 bit Java on a 64 bit OS
#   Decrease Java heap size (-Xmx/-Xms)
#   Decrease number of Java threads
#   Decrease Java thread stack sizes (-Xss)
#   Set larger code cache with -XX:ReservedCodeCacheSize=
# This output file may be truncated or incomplete.
#
#  Out of Memory Error (allocation.cpp:390), pid=41132, tid=41304
#
# JRE version: Java(TM) SE Runtime Environment (8.0_25-b18) (build 1.8.0_25-b18)
# Java VM: Java HotSpot(TM) 64-Bit Server VM (25.25-b02 mixed mode windows-amd64 compressed oops)
# Failed to write core dump. Minidumps are not enabled by default on client versions of Windows
#

---------------  T H R E A D  ---------------

Current thread (0x00000000174bb000):  JavaThread "C2 CompilerThread1" daemon [_thread_in_native, id=41304, stack(0x0000000017b40000,0x0000000017c40000)]

Stack: [0x0000000017b40000,0x0000000017c40000]
Native frames: (J=compiled Java code, j=interpreted, Vv=VM code, C=native code)
V  [jvm.dll+0x31667a]


Current CompileTask:
C2:   5214 1388   !   4       com.android.dx.cf.cst.ConstantPoolParser::parse0 (731 bytes)


---------------  P R O C E S S  ---------------

Java Threads: ( => current thread )
  0x00000000174ca800 JavaThread "Service Thread" daemon [_thread_blocked, id=41776, stack(0x0000000017e40000,0x0000000017f40000)]
  0x00000000174c1800 JavaThread "C1 CompilerThread3" daemon [_thread_in_native, id=27620, stack(0x0000000017d40000,0x0000000017e40000)]
  0x00000000174be800 JavaThread "C2 CompilerThread2" daemon [_thread_in_native, id=41076, stack(0x0000000017c40000,0x0000000017d40000)]
=>0x00000000174bb000 JavaThread "C2 CompilerThread1" daemon [_thread_in_native, id=41304, stack(0x0000000017b40000,0x0000000017c40000)]
  0x0000000017465800 JavaThread "C2 CompilerThread0" daemon [_thread_in_native, id=39132, stack(0x0000000017a40000,0x0000000017b40000)]
  0x0000000017464000 JavaThread "Attach Listener" daemon [_thread_blocked, id=40180, stack(0x0000000017940000,0x0000000017a40000)]
  0x0000000017463800 JavaThread "Signal Dispatcher" daemon [_thread_blocked, id=40060, stack(0x0000000017840000,0x0000000017940000)]
  0x0000000002947800 JavaThread "Finalizer" daemon [_thread_blocked, id=40468, stack(0x0000000017340000,0x0000000017440000)]
  0x0000000002941000 JavaThread "Reference Handler" daemon [_thread_blocked, id=41728, stack(0x0000000017240000,0x0000000017340000)]
  0x000000000274d800 JavaThread "main" [_thread_in_Java, id=41024, stack(0x0000000002750000,0x0000000002850000)]

Other Threads:
  0x0000000015468800 VMThread [stack: 0x0000000017140000,0x0000000017240000] [id=40256]
  0x00000000174cc800 WatcherThread [stack: 0x0000000017f40000,0x0000000018040000] [id=41668]

VM state:not at safepoint (normal execution)

VM Mutex/Monitor currently owned by a thread: None

Heap:
 PSYoungGen      total 38400K, used 14569K [0x00000000eab00000, 0x00000000ef600000, 0x0000000100000000)
  eden space 33280K, 28% used [0x00000000eab00000,0x00000000eb441438,0x00000000ecb80000)
  from space 5120K, 99% used [0x00000000ecb80000,0x00000000ed079280,0x00000000ed080000)
  to   space 5120K, 0% used [0x00000000ef100000,0x00000000ef100000,0x00000000ef600000)
 ParOldGen       total 87552K, used 1839K [0x00000000c0000000, 0x00000000c5580000, 0x00000000eab00000)
  object space 87552K, 2% used [0x00000000c0000000,0x00000000c01cbef8,0x00000000c5580000)
 Metaspace       used 5720K, capacity 6960K, committed 7040K, reserved 1056768K
  class space    used 549K, capacity 616K, committed 640K, reserved 1048576K

Card table byte_map: [0x0000000011d10000,0x0000000011f20000] byte_map_base: 0x0000000011710000

Marking Bits: (ParMarkBitMap*) 0x000000006d89d490
 Begin Bits: [0x0000000012880000, 0x0000000013880000)
 End Bits:   [0x0000000013880000, 0x0000000014880000)

Polling page: 0x0000000000d70000

CodeCache: size=245760Kb used=6075Kb max_used=6075Kb free=239684Kb
 bounds [0x0000000002950000, 0x0000000002f50000, 0x0000000011950000]
 total_blobs=1707 nmethods=1447 adapters=174
 compilation: enabled

Compilation events (10 events):
Event: 5.188 Thread 0x00000000174c1800 1443       3       com.android.dx.rop.code.RegisterSpec::withType (13 bytes)
Event: 5.188 Thread 0x00000000174c1800 nmethod 1443 0x0000000002f176d0 code [0x0000000002f17840, 0x0000000002f17a28]
Event: 5.192 Thread 0x00000000174c1800 1444       3       com.android.dx.cf.code.Ropper::addSetupBlocks (535 bytes)
Event: 5.197 Thread 0x0000000017465800 1450       4       com.android.dx.ssa.SsaBasicBlock::newFromRop (183 bytes)
Event: 5.203 Thread 0x00000000174c1800 nmethod 1444 0x0000000002f277d0 code [0x0000000002f28220, 0x0000000002f303c8]
Event: 5.203 Thread 0x00000000174c1800 1445       3       com.android.dx.cf.code.Frame::initializeWithParameters (49 bytes)
Event: 5.203 Thread 0x00000000174c1800 nmethod 1445 0x0000000002f26450 code [0x0000000002f26600, 0x0000000002f26d28]
Event: 5.203 Thread 0x00000000174c1800 1448       3       com.android.dx.cf.code.Ropper::addReturnBlock (228 bytes)
Event: 5.207 Thread 0x00000000174c1800 nmethod 1448 0x0000000002f37490 code [0x0000000002f379a0, 0x0000000002f3b108]
Event: 5.207 Thread 0x00000000174c1800 1449       3       com.android.dx.cf.code.Ropper::addSynchExceptionHandlerBlock (206 bytes)

GC Heap History (2 events):
Event: 4.114 GC heap before
{Heap before GC invocations=1 (full 0):
 PSYoungGen      total 38400K, used 33280K [0x00000000eab00000, 0x00000000ed580000, 0x0000000100000000)
  eden space 33280K, 100% used [0x00000000eab00000,0x00000000ecb80000,0x00000000ecb80000)
  from space 5120K, 0% used [0x00000000ed080000,0x00000000ed080000,0x00000000ed580000)
  to   space 5120K, 0% used [0x00000000ecb80000,0x00000000ecb80000,0x00000000ed080000)
 ParOldGen       total 87552K, used 0K [0x00000000c0000000, 0x00000000c5580000, 0x00000000eab00000)
  object space 87552K, 0% used [0x00000000c0000000,0x00000000c0000000,0x00000000c5580000)
 Metaspace       used 5680K, capacity 6960K, committed 7040K, reserved 1056768K
  class space    used 549K, capacity 616K, committed 640K, reserved 1048576K
Event: 4.811 GC heap after
Heap after GC invocations=1 (full 0):
 PSYoungGen      total 38400K, used 5092K [0x00000000eab00000, 0x00000000ef600000, 0x0000000100000000)
  eden space 33280K, 0% used [0x00000000eab00000,0x00000000eab00000,0x00000000ecb80000)
  from space 5120K, 99% used [0x00000000ecb80000,0x00000000ed079280,0x00000000ed080000)
  to   space 5120K, 0% used [0x00000000ef100000,0x00000000ef100000,0x00000000ef600000)
 ParOldGen       total 87552K, used 1839K [0x00000000c0000000, 0x00000000c5580000, 0x00000000eab00000)
  object space 87552K, 2% used [0x00000000c0000000,0x00000000c01cbef8,0x00000000c5580000)
 Metaspace       used 5680K, capacity 6960K, committed 7040K, reserved 1056768K
  class space    used 549K, capacity 616K, committed 640K, reserved 1048576K
}

Deoptimization events (7 events):
Event: 2.242 Thread 0x000000000274d800 Uncommon trap: reason=class_check action=maybe_recompile pc=0x0000000002bd12f0 method=com.android.dx.ssa.NormalSsaInsn.accept(Lcom/android/dx/ssa/SsaInsn$Visitor;)V @ 9
Event: 2.739 Thread 0x000000000274d800 Uncommon trap: reason=class_check action=maybe_recompile pc=0x0000000002cb94fc method=com.android.dx.ssa.NormalSsaInsn.accept(Lcom/android/dx/ssa/SsaInsn$Visitor;)V @ 9
Event: 2.739 Thread 0x000000000274d800 Uncommon trap: reason=class_check action=maybe_recompile pc=0x0000000002bd12f0 method=com.android.dx.ssa.NormalSsaInsn.accept(Lcom/android/dx/ssa/SsaInsn$Visitor;)V @ 9
Event: 2.739 Thread 0x000000000274d800 Uncommon trap: reason=class_check action=maybe_recompile pc=0x0000000002cb94fc method=com.android.dx.ssa.NormalSsaInsn.accept(Lcom/android/dx/ssa/SsaInsn$Visitor;)V @ 9
Event: 2.739 Thread 0x000000000274d800 Uncommon trap: reason=class_check action=maybe_recompile pc=0x0000000002bd12f0 method=com.android.dx.ssa.NormalSsaInsn.accept(Lcom/android/dx/ssa/SsaInsn$Visitor;)V @ 9
Event: 3.261 Thread 0x000000000274d800 Uncommon trap: reason=null_check action=make_not_entrant pc=0x0000000002d81fa0 method=com.android.dx.rop.type.Type.equals(Ljava/lang/Object;)Z @ 8
Event: 3.853 Thread 0x000000000274d800 Uncommon trap: reason=unreached action=reinterpret pc=0x0000000002e08ae8 method=com.android.dx.util.LabeledList.set(ILcom/android/dx/util/LabeledItem;)V @ 16

Internal exceptions (10 events):
Event: 1.771 Thread 0x000000000274d800 Exception <a 'java/security/PrivilegedActionException'> (0x00000000eb3a3458) thrown at [D:\re\workspace\8-2-build-windows-amd64-cygwin\jdk8u25\1677\hotspot\src\share\vm\prims\jvm.cpp, line 1312]
Event: 1.772 Thread 0x000000000274d800 Exception <a 'java/security/PrivilegedActionException'> (0x00000000eb3a6ad8) thrown at [D:\re\workspace\8-2-build-windows-amd64-cygwin\jdk8u25\1677\hotspot\src\share\vm\prims\jvm.cpp, line 1312]
Event: 2.167 Thread 0x000000000274d800 Exception <a 'java/security/PrivilegedActionException'> (0x00000000eb6e87c0) thrown at [D:\re\workspace\8-2-build-windows-amd64-cygwin\jdk8u25\1677\hotspot\src\share\vm\prims\jvm.cpp, line 1312]
Event: 2.167 Thread 0x000000000274d800 Exception <a 'java/security/PrivilegedActionException'> (0x00000000eb6eb198) thrown at [D:\re\workspace\8-2-build-windows-amd64-cygwin\jdk8u25\1677\hotspot\src\share\vm\prims\jvm.cpp, line 1312]
Event: 2.168 Thread 0x000000000274d800 Exception <a 'java/security/PrivilegedActionException'> (0x00000000eb6eddf8) thrown at [D:\re\workspace\8-2-build-windows-amd64-cygwin\jdk8u25\1677\hotspot\src\share\vm\prims\jvm.cpp, line 1312]
Event: 2.222 Thread 0x000000000274d800 Exception <a 'java/security/PrivilegedActionException'> (0x00000000eb7a9bc0) thrown at [D:\re\workspace\8-2-build-windows-amd64-cygwin\jdk8u25\1677\hotspot\src\share\vm\prims\jvm.cpp, line 1312]
Event: 2.371 Thread 0x000000000274d800 Exception <a 'java/security/PrivilegedActionException'> (0x00000000ebabde60) thrown at [D:\re\workspace\8-2-build-windows-amd64-cygwin\jdk8u25\1677\hotspot\src\share\vm\prims\jvm.cpp, line 1312]
Event: 2.899 Thread 0x000000000274d800 Exception <a 'java/security/PrivilegedActionException'> (0x00000000ec128bd0) thrown at [D:\re\workspace\8-2-build-windows-amd64-cygwin\jdk8u25\1677\hotspot\src\share\vm\prims\jvm.cpp, line 1312]
Event: 3.261 Thread 0x000000000274d800 Implicit null exception at 0x0000000002d81ea2 to 0x0000000002d81f92
Event: 3.850 Thread 0x000000000274d800 Exception <a 'java/security/PrivilegedActionException'> (0x00000000ec662458) thrown at [D:\re\workspace\8-2-build-windows-amd64-cygwin\jdk8u25\1677\hotspot\src\share\vm\prims\jvm.cpp, line 1312]

Events (10 events):
Event: 3.851 loading class java/util/HashMap$Values done
Event: 3.852 loading class java/util/HashMap$ValueIterator
Event: 3.852 loading class java/util/HashMap$ValueIterator done
Event: 3.853 Thread 0x000000000274d800 Uncommon trap: trap_request=0xffffffad fr.pc=0x0000000002e08ae8
Event: 3.853 Thread 0x000000000274d800 DEOPT PACKING pc=0x0000000002e08ae8 sp=0x000000000284e800
Event: 3.853 Thread 0x000000000274d800 DEOPT UNPACKING pc=0x000000000299556a sp=0x000000000284e7e8 mode 2
Event: 4.114 Executing VM operation: ParallelGCFailedAllocation
Event: 4.811 Executing VM operation: ParallelGCFailedAllocation done
Event: 4.893 loading class sun/misc/Cleaner
Event: 4.893 loading class sun/misc/Cleaner done


Dynamic libraries:
0x00007ff719850000 - 0x00007ff719884000 	C:\Program Files\Java\jdk1.8.0_25\bin\java.exe
0x00007ffaaf370000 - 0x00007ffaaf51c000 	C:\Windows\SYSTEM32\ntdll.dll
0x00007ffaaf040000 - 0x00007ffaaf17e000 	C:\Windows\system32\KERNEL32.DLL
0x00007ffaac690000 - 0x00007ffaac7a5000 	C:\Windows\system32\KERNELBASE.dll
0x00007ffaab070000 - 0x00007ffaab0fe000 	C:\Windows\system32\apphelp.dll
0x00007ffaa01d0000 - 0x00007ffaa0223000 	C:\Windows\AppPatch\AppPatch64\AcGenral.DLL
0x00007ffaacf80000 - 0x00007ffaad02a000 	C:\Windows\system32\msvcrt.dll
0x00007ffaac360000 - 0x00007ffaac38e000 	C:\Windows\SYSTEM32\SspiCli.dll
0x00007ffaacab0000 - 0x00007ffaacb04000 	C:\Windows\system32\SHLWAPI.dll
0x00007ffaad170000 - 0x00007ffaad2e7000 	C:\Windows\system32\USER32.dll
0x00007ffaad4b0000 - 0x00007ffaad644000 	C:\Windows\system32\ole32.dll
0x00007ffaad9d0000 - 0x00007ffaaeee8000 	C:\Windows\system32\SHELL32.dll
0x00007ffaabac0000 - 0x00007ffaabae1000 	C:\Windows\SYSTEM32\USERENV.dll
0x00007ffaad2f0000 - 0x00007ffaad39a000 	C:\Windows\system32\ADVAPI32.dll
0x00007ffaa0d60000 - 0x00007ffaa0d7e000 	C:\Windows\SYSTEM32\MPR.dll
0x00007ffaaeef0000 - 0x00007ffaaf031000 	C:\Windows\system32\RPCRT4.dll
0x00007ffaad030000 - 0x00007ffaad089000 	C:\Windows\SYSTEM32\sechost.dll
0x00007ffaacbb0000 - 0x00007ffaacdc1000 	C:\Windows\SYSTEM32\combase.dll
0x00007ffaad7b0000 - 0x00007ffaad901000 	C:\Windows\system32\GDI32.dll
0x00007ffaac4c0000 - 0x00007ffaac4d5000 	C:\Windows\SYSTEM32\profapi.dll
0x00007ffaaacf0000 - 0x00007ffaaada2000 	C:\Windows\SYSTEM32\SHCORE.dll
0x00007ffaacb10000 - 0x00007ffaacb46000 	C:\Windows\system32\IMM32.DLL
0x00007ffaad650000 - 0x00007ffaad7a2000 	C:\Windows\system32\MSCTF.dll
0x00007ffaaa890000 - 0x00007ffaaab0a000 	C:\Windows\WinSxS\amd64_microsoft.windows.common-controls_6595b64144ccf1df_6.0.9600.17810_none_6240b9c7ecbd0bda\COMCTL32.dll
0x000000006ccb0000 - 0x000000006cd82000 	C:\Program Files\Java\jdk1.8.0_25\jre\bin\msvcr100.dll
0x000000006d0c0000 - 0x000000006d91a000 	C:\Program Files\Java\jdk1.8.0_25\jre\bin\server\jvm.dll
0x00007ffaa6230000 - 0x00007ffaa6239000 	C:\Windows\SYSTEM32\WSOCK32.dll
0x00007ffaa7000000 - 0x00007ffaa7022000 	C:\Windows\SYSTEM32\WINMM.dll
0x00007ffaad3a0000 - 0x00007ffaad3a7000 	C:\Windows\system32\PSAPI.DLL
0x00007ffaacb50000 - 0x00007ffaacbaa000 	C:\Windows\system32\WS2_32.dll
0x00007ffaa6fd0000 - 0x00007ffaa6ffa000 	C:\Windows\SYSTEM32\WINMMBASE.dll
0x00007ffaaf180000 - 0x00007ffaaf189000 	C:\Windows\system32\NSI.dll
0x00007ffaac590000 - 0x00007ffaac5df000 	C:\Windows\SYSTEM32\cfgmgr32.dll
0x00007ffaab2b0000 - 0x00007ffaab2d8000 	C:\Windows\SYSTEM32\DEVOBJ.dll
0x000000006dc20000 - 0x000000006dc2f000 	C:\Program Files\Java\jdk1.8.0_25\jre\bin\verify.dll
0x000000006dbf0000 - 0x000000006dc18000 	C:\Program Files\Java\jdk1.8.0_25\jre\bin\java.dll
0x000000006dbd0000 - 0x000000006dbe6000 	C:\Program Files\Java\jdk1.8.0_25\jre\bin\zip.dll
0x00007ffaa32e0000 - 0x00007ffaa3469000 	C:\Windows\SYSTEM32\dbghelp.dll

VM Arguments:
jvm_args: -Xmx1024M -Dfile.encoding=windows-1250 -Duser.country=US -Duser.language=en -Duser.variant 
java_command: com.android.dx.command.Main --dex --output D:\Pisarna\belezke\app\build\intermediates\pre-dexed\debug\simple-xml-2.4.1-ad92aee65d85108ef502d806f7c0f1bbc9622455.jar D:\Pisarna\belezke\app\libs\simple-xml-2.4.1.jar
java_class_path (initial): D:\Pisarna\Android\Android SDK\build-tools\22.0.1\lib\dx.jar
Launcher Type: SUN_STANDARD

Environment Variables:
JAVA_HOME=C:\Program Files\Java\jdk1.8.0_25\
PATH=C:\ProgramData\Oracle\Java\javapath;C:\Program Files (x86)\NVIDIA Corporation\PhysX\Common;C:\Windows\system32;C:\Windows;C:\Windows\System32\Wbem;C:\Windows\System32\WindowsPowerShell\v1.0\;C:\Program Files (x86)\ATI Technologies\ATI.ACE\Core-Static;C:\Program Files\Microsoft SQL Server\110\Tools\Binn\;D:\Pisarna\wamp\bin\php\php5.5.12;C:\ProgramData\ComposerSetup\bin;C:\Program Files\nodejs\;C:\Program Files (x86)\Heroku\bin;C:\Program Files (x86)\git\cmd;C:\Program Files (x86)\AMD\ATI.ACE\Core-Static;C:\Program Files\Java\jdk1.8.0_25;D:\Pisarna\Android\Android SDK\platform-tools;D:\Pisarna\Android\Android SDK\tools;C:\Program Files (x86)\GtkSharp\2.12\bin;C:\apache-ant-1.9.4\bin;C:\Program Files (x86)\Skype\Phone\;C:\Program Files (x86)\Windows Kits\8.1\Windows Performance Toolkit\;C:\Program Files (x86)\Git\cmd;D:\Pisarna\Ruby22-x64\bin;D:\Pisarna\Ruby22\bin;D:\Pisarna\Ruby\Ruby200\bin;D:\Pisarna\Python;C:\Windows;C:\Windows\system32;C:\Program Files\nodejs;C:\Program Files (x86)\Git\bin;C:\Users\marko\AppData\Roaming\npm;C:\Program Files\Java\jdk1.8.0_25;D:\Pisarna\Android\Android SDK\tools;D:\Pisarna\Android\Android SDK\platform-tools;C:\apache-ant-1.9.4\bin
USERNAME=marko
OS=Windows_NT
PROCESSOR_IDENTIFIER=Intel64 Family 6 Model 42 Stepping 7, GenuineIntel



---------------  S Y S T E M  ---------------

OS: Windows 8.1 , 64 bit Build 9600 

CPU:total 8 (4 cores per cpu, 2 threads per core) family 6 model 42 stepping 7, cmov, cx8, fxsr, mmx, sse, sse2, sse3, ssse3, sse4.1, sse4.2, popcnt, avx, aes, clmul, ht, tsc, tscinvbit

Memory: 4k page, physical 8335212k(346436k free), swap 11480940k(5108k free)

vm_info: Java HotSpot(TM) 64-Bit Server VM (25.25-b02) for windows-amd64 JRE (1.8.0_25-b18), built on Oct  7 2014 14:25:37 by "java_re" with MS VC++ 10.0 (VS2010)

time: Fri Jun 26 22:17:31 2015
elapsed time: 5 seconds (0d 0h 0m 5s)

